DEBUG   |180912 09:54:52|Fetching filter data from database
DEBUG   |180912 09:54:52|Loading filters
DEBUG   |180912 09:54:52|-- Loading filter Directories
DEBUG   |180912 09:54:52|-- Loading filter Extradirs
DEBUG   |180912 09:54:52|-- Loading filter Files
DEBUG   |180912 09:54:52|-- Loading filter Incremental
DEBUG   |180912 09:54:52|-- Loading filter Multidb
DEBUG   |180912 09:54:52|-- Loading filter Regexdirectories
DEBUG   |180912 09:54:52|-- Loading filter Regexfiles
DEBUG   |180912 09:54:52|-- Loading filter Regexskipdirs
DEBUG   |180912 09:54:52|-- Loading filter Regexskipfiles
DEBUG   |180912 09:54:52|-- Loading filter Regextabledata
DEBUG   |180912 09:54:52|-- Loading filter Regextables
DEBUG   |180912 09:54:52|-- Loading filter Skipdirs
DEBUG   |180912 09:54:52|-- Loading filter Skipfiles
DEBUG   |180912 09:54:52|-- Loading filter Tabledata
DEBUG   |180912 09:54:52|-- Loading filter Tables
DEBUG   |180912 09:54:52|-- Loading filter Cvsfolders
DEBUG   |180912 09:54:52|-- Loading filter Excludefiles
DEBUG   |180912 09:54:52|-- Loading filter Excludefolders
DEBUG   |180912 09:54:52|-- Loading filter Excludetabledata
DEBUG   |180912 09:54:52|-- Loading filter Joomlaskipdirs
DEBUG   |180912 09:54:52|-- Loading filter Joomlaskipfiles
DEBUG   |180912 09:54:52|-- Loading filter Libraries
DEBUG   |180912 09:54:52|-- Loading filter Sitedb
DEBUG   |180912 09:54:52|-- Loading filter Siteroot
DEBUG   |180912 09:54:52|-- Loading filter Systemcachefiles
DEBUG   |180912 09:54:52|Loading optional filters
DEBUG   |180912 09:54:52|-- Loading optional filter Stack\StackErrorlogs
DEBUG   |180912 09:54:52|-- Loading optional filter Stack\StackHoststats
DEBUG   |180912 09:54:52|-- Loading optional filter Stack\StackFinder
DEBUG   |180912 09:54:52|-- Loading optional filter Stack\StackMyjoomla
